21:59:02:238 [main] WARN  org.testng.xml.TestNGContentHandler - It is strongly recommended to add "<!DOCTYPE suite SYSTEM "https://testng.org/testng-1.1.dtd" >" at the top of the suite file [C:\Users\91933\java-workspace\automattionExercise\src\test\resources\testng.xml] otherwise TestNG may fail or not work as expected.
21:59:02:481 [main] INFO  org.testng.internal.Utils - [TestNG] Running:
  C:\Users\91933\java-workspace\automattionExercise\src\test\resources\testng.xml

22:01:11:885 [main] WARN  org.testng.xml.TestNGContentHandler - It is strongly recommended to add "<!DOCTYPE suite SYSTEM "https://testng.org/testng-1.1.dtd" >" at the top of the suite file [C:\Users\91933\java-workspace\automattionExercise\src\test\resources\testng.xml] otherwise TestNG may fail or not work as expected.
22:01:12:057 [main] INFO  org.testng.internal.Utils - [TestNG] Running:
  C:\Users\91933\java-workspace\automattionExercise\src\test\resources\testng.xml

22:04:25:905 [main] WARN  org.testng.xml.TestNGContentHandler - It is strongly recommended to add "<!DOCTYPE suite SYSTEM "https://testng.org/testng-1.1.dtd" >" at the top of the suite file [C:\Users\91933\java-workspace\automattionExercise\src\test\resources\testng.xml] otherwise TestNG may fail or not work as expected.
22:04:26:082 [main] INFO  org.testng.internal.Utils - [TestNG] Running:
  C:\Users\91933\java-workspace\automattionExercise\src\test\resources\testng.xml

22:09:55:286 [main] WARN  org.testng.xml.TestNGContentHandler - It is strongly recommended to add "<!DOCTYPE suite SYSTEM "https://testng.org/testng-1.1.dtd" >" at the top of the suite file [C:\Users\91933\java-workspace\automattionExercise\src\test\resources\testng.xml] otherwise TestNG may fail or not work as expected.
22:09:55:458 [main] INFO  org.testng.internal.Utils - [TestNG] Running:
  C:\Users\91933\java-workspace\automattionExercise\src\test\resources\testng.xml

22:11:11:829 [main] WARN  org.testng.xml.TestNGContentHandler - It is strongly recommended to add "<!DOCTYPE suite SYSTEM "https://testng.org/testng-1.1.dtd" >" at the top of the suite file [C:\Users\91933\java-workspace\automattionExercise\src\test\resources\testng.xml] otherwise TestNG may fail or not work as expected.
22:11:11:999 [main] INFO  org.testng.internal.Utils - [TestNG] Running:
  C:\Users\91933\java-workspace\automattionExercise\src\test\resources\testng.xml

22:12:43:504 [main] WARN  org.testng.xml.TestNGContentHandler - It is strongly recommended to add "<!DOCTYPE suite SYSTEM "https://testng.org/testng-1.1.dtd" >" at the top of the suite file [C:\Users\91933\java-workspace\automattionExercise\src\test\resources\testng.xml] otherwise TestNG may fail or not work as expected.
22:12:43:682 [main] INFO  org.testng.internal.Utils - [TestNG] Running:
  C:\Users\91933\java-workspace\automattionExercise\src\test\resources\testng.xml

22:24:29:776 [main] WARN  org.testng.xml.TestNGContentHandler - It is strongly recommended to add "<!DOCTYPE suite SYSTEM "https://testng.org/testng-1.1.dtd" >" at the top of the suite file [C:\Users\91933\java-workspace\automattionExercise\src\test\resources\testng.xml] otherwise TestNG may fail or not work as expected.
22:24:29:950 [main] INFO  org.testng.internal.Utils - [TestNG] Running:
  C:\Users\91933\java-workspace\automattionExercise\src\test\resources\testng.xml

22:24:31:321 [TestNG-test-Sanity Tests-1] INFO  testCases.TC003_LogedOut - Loged Out Screen Staarted
22:24:33:925 [TestNG-test-Regression Tests-1] INFO  testCases.TC004_SignUp - Click on Sign Up
22:27:33:875 [main] INFO  org.testng.internal.Utils - [TestNG] Running:
  C:\Users\91933\java-workspace\automattionExercise\src\test\resources\testng.xml

22:27:35:279 [TestNG-test-Sanity Tests-1] INFO  testCases.TC003_LogedOut - Loged Out Screen Staarted
22:27:37:740 [TestNG-test-Regression Tests-1] INFO  testCases.TC004_SignUp - Click on Sign Up
22:39:21:339 [main] INFO  org.testng.internal.Utils - [TestNG] Running:
  C:\Users\91933\java-workspace\automattionExercise\src\test\resources\testng.xml

22:39:23:203 [TestNG-test-Sanity Tests-1] INFO  testCases.TC003_LogedOut - Loged Out Screen Staarted
22:39:26:010 [TestNG-test-Regression Tests-1] INFO  testCases.TC004_SignUp - Click on Sign Up
22:46:48:988 [main] INFO  org.testng.internal.Utils - [TestNG] Running:
  C:\Users\91933\java-workspace\automattionExercise\src\test\resources\testng.xml

22:46:50:417 [TestNG-test-Sanity Tests-1] INFO  testCases.TC003_LogedOut - Loged Out Screen Staarted
22:46:52:784 [TestNG-test-Regression Tests-1] INFO  testCases.TC004_SignUp - Click on Sign Up
22:48:03:495 [main] INFO  org.testng.internal.Utils - [TestNG] Running:
  C:\Users\91933\java-workspace\automattionExercise\src\test\resources\testng.xml

22:48:04:919 [TestNG-test-Sanity Tests-1] INFO  testCases.TC003_LogedOut - Loged Out Screen Staarted
22:48:07:285 [TestNG-test-Regression Tests-1] INFO  testCases.TC004_SignUp - Click on Sign Up
22:53:36:497 [main] INFO  org.testng.internal.Utils - [TestNG] Running:
  C:\Users\91933\java-workspace\automattionExercise\src\test\resources\testng.xml

22:53:38:056 [TestNG-test-Sanity Tests-1] INFO  testCases.TC003_LogedOut - Loged Out Screen Started
22:53:40:613 [TestNG-test-Regression Tests-1] INFO  testCases.TC004_SignUp - Click on Sign Up
22:55:10:503 [main] INFO  org.testng.internal.Utils - [TestNG] Running:
  C:\Users\91933\java-workspace\automattionExercise\src\test\resources\testng.xml

22:55:11:931 [TestNG-test-Sanity Tests-1] INFO  testCases.TC003_LogedOut - Loged Out Screen Started
22:55:14:397 [TestNG-test-Regression Tests-1] INFO  testCases.TC004_SignUp - Click on Sign Up
22:56:14:965 [main] INFO  org.testng.internal.Utils - [TestNG] Running:
  C:\Users\91933\java-workspace\automattionExercise\src\test\resources\testng.xml

22:56:16:316 [TestNG-test-Sanity Tests-1] INFO  testCases.TC003_LogedOut - Loged Out Screen Started
22:56:18:796 [TestNG-test-Regression Tests-1] INFO  testCases.TC004_SignUp - Click on Sign Up
22:59:31:160 [main] INFO  org.testng.internal.Utils - [TestNG] Running:
  C:\Users\91933\java-workspace\automattionExercise\src\test\resources\testng.xml

22:59:32:556 [TestNG-test-Sanity Tests-1] INFO  testCases.TC003_LogedOut - Loged Out Screen Started
22:59:35:006 [TestNG-test-Regression Tests-1] INFO  testCases.TC004_SignUp - Click on Sign Up
23:05:54:895 [main] INFO  org.testng.internal.Utils - [TestNG] Running:
  C:\Users\91933\java-workspace\automattionExercise\src\test\resources\testng.xml

23:08:43:923 [main] INFO  org.testng.internal.Utils - [TestNG] Running:
  C:\Users\91933\java-workspace\automattionExercise\src\test\resources\testng.xml

23:09:34:427 [main] INFO  org.testng.internal.Utils - [TestNG] Running:
  C:\Users\91933\java-workspace\automattionExercise\src\test\resources\testng.xml

23:10:57:701 [main] INFO  org.testng.internal.Utils - [TestNG] Running:
  C:\Users\91933\java-workspace\automattionExercise\src\test\resources\testng.xml

23:13:36:949 [main] INFO  org.testng.internal.Utils - [TestNG] Running:
  C:\Users\91933\java-workspace\automattionExercise\src\test\resources\testng.xml

23:14:53:878 [main] INFO  org.testng.internal.Utils - [TestNG] Running:
  C:\Users\91933\java-workspace\automattionExercise\src\test\resources\testng.xml

23:20:24:768 [main] INFO  org.testng.internal.Utils - [TestNG] Running:
  C:\Users\91933\java-workspace\automattionExercise\src\test\resources\testng.xml

23:20:28:076 [TestNG-test-Sanity Tests-1] INFO  testCases.TC003_LogedOut - Loged Out Screen Started
23:20:30:643 [TestNG-test-Regression Tests-1] INFO  testCases.TC004_SignUp - Click on Sign Up
23:40:38:280 [main] INFO  org.testng.internal.Utils - [TestNG] Running:
  C:\Users\91933\java-workspace\automattionExercise\src\test\resources\testng.xml

23:40:40:057 [TestNG-test-Sanity Tests-1] INFO  testCases.TC003_LogedOut - Loged Out Screen Started
23:40:42:390 [TestNG-test-Regression Tests-1] INFO  testCases.TC004_SignUp - Click on Sign Up
23:45:20:744 [main] INFO  org.testng.internal.Utils - [TestNG] Running:
  C:\Users\91933\java-workspace\automattionExercise\src\test\resources\testng.xml

23:45:22:029 [TestNG-test-Sanity Tests-1] INFO  testCases.TC003_LogedOut - Loged Out Screen Started
23:45:44:953 [TestNG-test-Regression Tests-1] INFO  testCases.TC004_SignUp - Click on Sign Up
23:49:36:673 [main] INFO  org.testng.internal.Utils - [TestNG] Running:
  C:\Users\91933\java-workspace\automattionExercise\src\test\resources\testng.xml

23:49:38:102 [TestNG-test-Sanity Tests-1] INFO  testCases.TC003_LogedOut - Loged Out Screen Started
23:50:01:130 [TestNG-test-Regression Tests-1] INFO  testCases.TC004_SignUp - Click on Sign Up
23:52:54:185 [main] INFO  org.testng.internal.Utils - [TestNG] Running:
  C:\Users\91933\java-workspace\automattionExercise\src\test\resources\testng.xml

23:52:55:522 [TestNG-test-Sanity Tests-1] INFO  testCases.TC003_LogedOut - Loged Out Screen Started
23:53:18:589 [TestNG-test-Regression Tests-1] INFO  testCases.TC004_SignUp - Click on Sign Up
23:55:41:327 [main] INFO  org.testng.internal.Utils - [TestNG] Running:
  C:\Users\91933\java-workspace\automattionExercise\src\test\resources\testng.xml

23:58:10:666 [main] INFO  org.testng.internal.Utils - [TestNG] Running:
  C:\Users\91933\java-workspace\automattionExercise\src\test\resources\testng.xml

00:01:11:841 [main] INFO  org.testng.internal.Utils - [TestNG] Running:
  C:\Users\91933\java-workspace\automattionExercise\src\test\resources\testng.xml

00:05:30:785 [main] INFO  org.testng.internal.Utils - [TestNG] Running:
  C:\Users\91933\java-workspace\automattionExercise\src\test\resources\testng.xml

00:08:12:102 [main] INFO  org.testng.internal.Utils - [TestNG] Running:
  C:\Users\91933\java-workspace\automattionExercise\src\test\resources\testng.xml

00:15:38:208 [main] INFO  org.testng.internal.Utils - [TestNG] Running:
  C:\Users\91933\java-workspace\automattionExercise\src\test\resources\testng.xml

00:17:54:843 [main] INFO  org.testng.internal.Utils - [TestNG] Running:
  C:\Users\91933\java-workspace\automattionExercise\src\test\resources\testng.xml

00:24:04:950 [main] INFO  org.testng.internal.Utils - [TestNG] Running:
  C:\Users\91933\java-workspace\automattionExercise\src\test\resources\testng.xml

00:25:24:279 [TestNG-test-Regression Tests-1] INFO  testCases.TC004_SignUp - Click on Sign Up
00:25:26:932 [TestNG-test-Regression Tests-1] INFO  testCases.TC004_SignUp - Enter SignUp Details
00:25:27:291 [TestNG-test-Regression Tests-1] INFO  testCases.TC004_SignUp - SignUp Already Done!!
00:25:40:068 [TestNG-test-Sanity Tests-1] INFO  testCases.TC003_LogedOut - Loged Out Screen Started
00:25:41:564 [TestNG-test-Sanity Tests-1] INFO  testCases.TC003_LogedOut - Enter User Email id And Password
00:28:39:637 [TestNG-test-Sanity Tests-1] INFO  testCases.TC003_LogedOut - Login Successfull !!!
00:28:39:686 [TestNG-test-Sanity Tests-1] INFO  testCases.TC003_LogedOut - Click on Loged Out !!!
00:28:44:246 [TestNG-test-Sanity Tests-1] INFO  testCases.TC003_LogedOut - Click on Loged Out  Successfull!!!
00:29:09:089 [TestNG-test-Sanity Tests-1] INFO  testCases.TC001_LoginPage - Click on Login Paage!!
00:29:13:934 [TestNG-test-Sanity Tests-1] INFO  testCases.TC001_LoginPage - Click on Login Paage Successfull!!
00:29:32:621 [TestNG-test-Regression Tests-1] INFO  testCases.TC004_SignUp - Click on Sign Up
00:29:34:233 [TestNG-test-Regression Tests-1] INFO  testCases.TC004_SignUp - Enter SignUp Details
00:29:34:603 [TestNG-test-Regression Tests-1] INFO  testCases.TC004_SignUp - SignUp Already Done!!
00:35:23:896 [main] INFO  org.testng.internal.Utils - [TestNG] Running:
  C:\Users\91933\java-workspace\automattionExercise\src\test\resources\testng.xml

00:35:31:703 [TestNG-test-Sanity Tests-2] INFO  testCases.TC001_LoginPage - Click on Login Paage!!
00:35:34:318 [TestNG-test-Sanity Tests-2] INFO  testCases.TC001_LoginPage - Click on Login Paage Successfull!!
00:35:38:645 [TestNG-test-Sanity Tests-1] INFO  testCases.TC003_LogedOut - Loged Out Screen Started
00:35:41:941 [TestNG-test-Sanity Tests-1] INFO  testCases.TC003_LogedOut - Enter User Email id And Password
00:35:51:657 [TestNG-test-Sanity Tests-1] INFO  testCases.TC003_LogedOut - Login Successfull !!!
00:35:51:699 [TestNG-test-Sanity Tests-1] INFO  testCases.TC003_LogedOut - Click on Loged Out !!!
00:35:53:550 [TestNG-test-Sanity Tests-1] INFO  testCases.TC003_LogedOut - Click on Loged Out  Successfull!!!
00:35:57:168 [TestNG-test-Regression Tests-1] INFO  testCases.TC004_SignUp - Click on Sign Up
00:35:58:163 [TestNG-test-Regression Tests-1] INFO  testCases.TC004_SignUp - Enter SignUp Details
00:35:58:557 [TestNG-test-Regression Tests-1] INFO  testCases.TC004_SignUp - SignUp Already Done!!
00:37:46:038 [main] INFO  org.testng.internal.Utils - [TestNG] Running:
  C:\Users\91933\java-workspace\automattionExercise\src\test\resources\testng.xml

00:38:03:402 [TestNG-test-Sanity Tests-2] INFO  testCases.TC001_LoginPage - Click on Login Paage!!
00:38:04:353 [TestNG-test-Sanity Tests-1] INFO  testCases.TC003_LogedOut - Loged Out Screen Started
00:38:07:964 [TestNG-test-Sanity Tests-1] INFO  testCases.TC003_LogedOut - Enter User Email id And Password
00:38:11:259 [TestNG-test-Sanity Tests-2] INFO  testCases.TC001_LoginPage - Click on Login Paage Successfull!!
00:38:17:542 [TestNG-test-Sanity Tests-1] INFO  testCases.TC003_LogedOut - Login Successfull !!!
00:38:17:572 [TestNG-test-Sanity Tests-1] INFO  testCases.TC003_LogedOut - Click on Loged Out !!!
00:38:20:739 [TestNG-test-Sanity Tests-1] INFO  testCases.TC003_LogedOut - Click on Loged Out  Successfull!!!
00:38:38:626 [TestNG-test-Regression Tests-1] INFO  testCases.TC004_SignUp - Click on Sign Up
00:38:40:063 [TestNG-test-Regression Tests-1] INFO  testCases.TC004_SignUp - Enter SignUp Details
00:38:40:243 [TestNG-test-Regression Tests-1] INFO  testCases.TC004_SignUp - SignUp Already Done!!
00:39:07:931 [main] INFO  org.testng.internal.Utils - [TestNG] Running:
  C:\Users\91933\java-workspace\automattionExercise\src\test\resources\testng.xml

00:39:19:051 [TestNG-test-Sanity Tests-1] INFO  testCases.TC003_LogedOut - Loged Out Screen Started
00:39:22:284 [TestNG-test-Sanity Tests-1] INFO  testCases.TC003_LogedOut - Enter User Email id And Password
00:39:22:342 [TestNG-test-Sanity Tests-2] INFO  testCases.TC001_LoginPage - Click on Login Paage!!
00:39:34:820 [main] INFO  org.testng.internal.Utils - [TestNG] Running:
  C:\Users\91933\java-workspace\automattionExercise\src\test\resources\testng.xml

00:39:45:882 [TestNG-test-Sanity Tests-1] INFO  testCases.TC003_LogedOut - Loged Out Screen Started
00:39:46:884 [TestNG-test-Sanity Tests-1] INFO  testCases.TC003_LogedOut - Enter User Email id And Password
00:39:47:186 [TestNG-test-Sanity Tests-2] INFO  testCases.TC001_LoginPage - Click on Login Paage!!
00:39:51:313 [TestNG-test-Sanity Tests-2] INFO  testCases.TC001_LoginPage - Click on Login Paage Successfull!!
00:41:15:863 [TestNG-test-Sanity Tests-1] INFO  testCases.TC003_LogedOut - Login Successfull !!!
00:41:15:891 [TestNG-test-Sanity Tests-1] INFO  testCases.TC003_LogedOut - Click on Loged Out !!!
00:41:17:413 [TestNG-test-Sanity Tests-1] INFO  testCases.TC003_LogedOut - Click on Loged Out  Successfull!!!
00:41:27:151 [TestNG-test-Regression Tests-1] INFO  testCases.TC004_SignUp - Click on Sign Up
00:41:30:231 [TestNG-test-Regression Tests-1] INFO  testCases.TC004_SignUp - Enter SignUp Details
00:41:30:360 [TestNG-test-Regression Tests-1] INFO  testCases.TC004_SignUp - SignUp Already Done!!
00:45:15:432 [main] INFO  org.testng.internal.Utils - [TestNG] Running:
  C:\Users\91933\java-workspace\automattionExercise\src\test\resources\testng.xml

00:45:25:880 [TestNG-test-Regression Tests-1] INFO  testCases.TC004_SignUp - Click on Sign Up
00:45:27:712 [TestNG-test-Regression Tests-1] INFO  testCases.TC004_SignUp - Enter SignUp Details
00:45:27:899 [TestNG-test-Regression Tests-1] INFO  testCases.TC004_SignUp - SignUp Already Done!!
00:46:20:090 [main] INFO  org.testng.internal.Utils - [TestNG] Running:
  C:\Users\91933\java-workspace\automattionExercise\src\test\resources\testng.xml

00:46:32:232 [TestNG-test-Regression Tests-1] INFO  testCases.TC004_SignUp - Click on Sign Up
00:46:36:624 [TestNG-test-Regression Tests-1] INFO  testCases.TC004_SignUp - Enter SignUp Details
00:46:36:780 [TestNG-test-Regression Tests-1] INFO  testCases.TC004_SignUp - SignUp Already Done!!
00:47:44:084 [main] INFO  org.testng.internal.Utils - [TestNG] Running:
  C:\Users\91933\java-workspace\automattionExercise\src\test\resources\testng.xml

00:47:50:112 [TestNG-test-Sanity Tests-1] INFO  testCases.TC003_LogedOut - Loged Out Screen Started
00:47:54:230 [TestNG-test-Sanity Tests-2] INFO  testCases.TC001_LoginPage - Click on Login Paage!!
00:47:54:466 [TestNG-test-Sanity Tests-2] INFO  testCases.TC001_LoginPage - Click on Login Paage Successfull!!
00:47:54:649 [TestNG-test-Sanity Tests-1] INFO  testCases.TC003_LogedOut - Enter User Email id And Password
00:48:02:047 [TestNG-test-Sanity Tests-1] INFO  testCases.TC003_LogedOut - Login Successfull !!!
00:48:02:091 [TestNG-test-Sanity Tests-1] INFO  testCases.TC003_LogedOut - Click on Loged Out !!!
00:48:25:137 [TestNG-test-Regression Tests-1] INFO  testCases.TC004_SignUp - Click on Sign Up
00:48:28:240 [TestNG-test-Regression Tests-1] INFO  testCases.TC004_SignUp - Enter SignUp Details
00:48:28:631 [TestNG-test-Regression Tests-1] INFO  testCases.TC004_SignUp - SignUp Already Done!!
